CRITICAL - 2022-05-08 07:40:06 --> Call to undefined function CodeIgniter\locale_set_default()
#0 C:\xampp\htdocs\NFCLOCALProgess\system\bootstrap.php(146): CodeIgniter\CodeIgniter->initialize()
#1 C:\xampp\htdocs\NFCLOCALProgess\spark(45): require('C:\\xampp\\htdocs...')
#2 {main}
CRITICAL - 2022-05-08 01:00:21 --> Undefined variable $ran_id
#0 C:\xampp\htdocs\NFCLOCALProgess\app\Controllers\UserController.php(114): CodeIgniter\Debug\Exceptions->errorHandler(2, 'Undefined varia...', 'C:\\xampp\\htdocs...', 114)
#1 C:\xampp\htdocs\NFCLOCALProgess\system\CodeIgniter.php(832): App\Controllers\UserController->saveUser3()
#2 C:\xampp\htdocs\NFCLOCALProgess\system\CodeIgniter.php(419): CodeIgniter\CodeIgniter->runController(Object(App\Controllers\UserController))
#3 C:\xampp\htdocs\NFCLOCALProgess\system\CodeIgniter.php(326): CodeIgniter\CodeIgniter->handleRequest(NULL, Object(Config\Cache), false)
#4 C:\xampp\htdocs\NFCLOCALProgess\public\index.php(37): CodeIgniter\CodeIgniter->run()
#5 C:\xampp\htdocs\NFCLOCALProgess\system\Commands\Server\rewrite.php(43): require_once('C:\\xampp\\htdocs...')
#6 {main}
CRITICAL - 2022-05-08 02:05:07 --> Undefined variable $ran_id
#0 C:\xampp\htdocs\NFCLOCALProgess\app\Controllers\UserController.php(114): CodeIgniter\Debug\Exceptions->errorHandler(2, 'Undefined varia...', 'C:\\xampp\\htdocs...', 114)
#1 C:\xampp\htdocs\NFCLOCALProgess\system\CodeIgniter.php(832): App\Controllers\UserController->saveUser3()
#2 C:\xampp\htdocs\NFCLOCALProgess\system\CodeIgniter.php(419): CodeIgniter\CodeIgniter->runController(Object(App\Controllers\UserController))
#3 C:\xampp\htdocs\NFCLOCALProgess\system\CodeIgniter.php(326): CodeIgniter\CodeIgniter->handleRequest(NULL, Object(Config\Cache), false)
#4 C:\xampp\htdocs\NFCLOCALProgess\public\index.php(37): CodeIgniter\CodeIgniter->run()
#5 C:\xampp\htdocs\NFCLOCALProgess\system\Commands\Server\rewrite.php(43): require_once('C:\\xampp\\htdocs...')
#6 {main}
CRITICAL - 2022-05-08 02:12:41 --> Undefined variable $ran_id
#0 C:\xampp\htdocs\NFCLOCALProgess\app\Controllers\UserController.php(114): CodeIgniter\Debug\Exceptions->errorHandler(2, 'Undefined varia...', 'C:\\xampp\\htdocs...', 114)
#1 C:\xampp\htdocs\NFCLOCALProgess\system\CodeIgniter.php(832): App\Controllers\UserController->saveUser3()
#2 C:\xampp\htdocs\NFCLOCALProgess\system\CodeIgniter.php(419): CodeIgniter\CodeIgniter->runController(Object(App\Controllers\UserController))
#3 C:\xampp\htdocs\NFCLOCALProgess\system\CodeIgniter.php(326): CodeIgniter\CodeIgniter->handleRequest(NULL, Object(Config\Cache), false)
#4 C:\xampp\htdocs\NFCLOCALProgess\public\index.php(37): CodeIgniter\CodeIgniter->run()
#5 C:\xampp\htdocs\NFCLOCALProgess\system\Commands\Server\rewrite.php(43): require_once('C:\\xampp\\htdocs...')
#6 {main}
CRITICAL - 2022-05-08 02:13:33 --> Undefined variable $ran_id
#0 C:\xampp\htdocs\NFCLOCALProgess\app\Controllers\UserController.php(114): CodeIgniter\Debug\Exceptions->errorHandler(2, 'Undefined varia...', 'C:\\xampp\\htdocs...', 114)
#1 C:\xampp\htdocs\NFCLOCALProgess\system\CodeIgniter.php(832): App\Controllers\UserController->saveUser3()
#2 C:\xampp\htdocs\NFCLOCALProgess\system\CodeIgniter.php(419): CodeIgniter\CodeIgniter->runController(Object(App\Controllers\UserController))
#3 C:\xampp\htdocs\NFCLOCALProgess\system\CodeIgniter.php(326): CodeIgniter\CodeIgniter->handleRequest(NULL, Object(Config\Cache), false)
#4 C:\xampp\htdocs\NFCLOCALProgess\public\index.php(37): CodeIgniter\CodeIgniter->run()
#5 C:\xampp\htdocs\NFCLOCALProgess\system\Commands\Server\rewrite.php(43): require_once('C:\\xampp\\htdocs...')
#6 {main}
CRITICAL - 2022-05-08 02:14:35 --> Undefined variable $ran_id
#0 C:\xampp\htdocs\NFCLOCALProgess\app\Controllers\UserController.php(114): CodeIgniter\Debug\Exceptions->errorHandler(2, 'Undefined varia...', 'C:\\xampp\\htdocs...', 114)
#1 C:\xampp\htdocs\NFCLOCALProgess\system\CodeIgniter.php(832): App\Controllers\UserController->saveUser3()
#2 C:\xampp\htdocs\NFCLOCALProgess\system\CodeIgniter.php(419): CodeIgniter\CodeIgniter->runController(Object(App\Controllers\UserController))
#3 C:\xampp\htdocs\NFCLOCALProgess\system\CodeIgniter.php(326): CodeIgniter\CodeIgniter->handleRequest(NULL, Object(Config\Cache), false)
#4 C:\xampp\htdocs\NFCLOCALProgess\public\index.php(37): CodeIgniter\CodeIgniter->run()
#5 C:\xampp\htdocs\NFCLOCALProgess\system\Commands\Server\rewrite.php(43): require_once('C:\\xampp\\htdocs...')
#6 {main}
CRITICAL - 2022-05-08 02:16:13 --> Undefined variable $ran_id
#0 C:\xampp\htdocs\NFCLOCALProgess\app\Controllers\UserController.php(114): CodeIgniter\Debug\Exceptions->errorHandler(2, 'Undefined varia...', 'C:\\xampp\\htdocs...', 114)
#1 C:\xampp\htdocs\NFCLOCALProgess\system\CodeIgniter.php(832): App\Controllers\UserController->saveUser3()
#2 C:\xampp\htdocs\NFCLOCALProgess\system\CodeIgniter.php(419): CodeIgniter\CodeIgniter->runController(Object(App\Controllers\UserController))
#3 C:\xampp\htdocs\NFCLOCALProgess\system\CodeIgniter.php(326): CodeIgniter\CodeIgniter->handleRequest(NULL, Object(Config\Cache), false)
#4 C:\xampp\htdocs\NFCLOCALProgess\public\index.php(37): CodeIgniter\CodeIgniter->run()
#5 C:\xampp\htdocs\NFCLOCALProgess\system\Commands\Server\rewrite.php(43): require_once('C:\\xampp\\htdocs...')
#6 {main}
CRITICAL - 2022-05-08 02:17:53 --> Undefined variable $ran_id
#0 C:\xampp\htdocs\NFCLOCALProgess\app\Controllers\UserController.php(114): CodeIgniter\Debug\Exceptions->errorHandler(2, 'Undefined varia...', 'C:\\xampp\\htdocs...', 114)
#1 C:\xampp\htdocs\NFCLOCALProgess\system\CodeIgniter.php(832): App\Controllers\UserController->saveUser3()
#2 C:\xampp\htdocs\NFCLOCALProgess\system\CodeIgniter.php(419): CodeIgniter\CodeIgniter->runController(Object(App\Controllers\UserController))
#3 C:\xampp\htdocs\NFCLOCALProgess\system\CodeIgniter.php(326): CodeIgniter\CodeIgniter->handleRequest(NULL, Object(Config\Cache), false)
#4 C:\xampp\htdocs\NFCLOCALProgess\public\index.php(37): CodeIgniter\CodeIgniter->run()
#5 C:\xampp\htdocs\NFCLOCALProgess\system\Commands\Server\rewrite.php(43): require_once('C:\\xampp\\htdocs...')
#6 {main}
CRITICAL - 2022-05-08 02:25:28 --> Undefined variable $ran_id
#0 C:\xampp\htdocs\NFCLOCALProgess\app\Controllers\UserController.php(114): CodeIgniter\Debug\Exceptions->errorHandler(2, 'Undefined varia...', 'C:\\xampp\\htdocs...', 114)
#1 C:\xampp\htdocs\NFCLOCALProgess\system\CodeIgniter.php(832): App\Controllers\UserController->saveUser3()
#2 C:\xampp\htdocs\NFCLOCALProgess\system\CodeIgniter.php(419): CodeIgniter\CodeIgniter->runController(Object(App\Controllers\UserController))
#3 C:\xampp\htdocs\NFCLOCALProgess\system\CodeIgniter.php(326): CodeIgniter\CodeIgniter->handleRequest(NULL, Object(Config\Cache), false)
#4 C:\xampp\htdocs\NFCLOCALProgess\public\index.php(37): CodeIgniter\CodeIgniter->run()
#5 C:\xampp\htdocs\NFCLOCALProgess\system\Commands\Server\rewrite.php(43): require_once('C:\\xampp\\htdocs...')
#6 {main}
CRITICAL - 2022-05-08 02:26:19 --> Undefined variable $ran_id
#0 C:\xampp\htdocs\NFCLOCALProgess\app\Controllers\UserController.php(114): CodeIgniter\Debug\Exceptions->errorHandler(2, 'Undefined varia...', 'C:\\xampp\\htdocs...', 114)
#1 C:\xampp\htdocs\NFCLOCALProgess\system\CodeIgniter.php(832): App\Controllers\UserController->saveUser3()
#2 C:\xampp\htdocs\NFCLOCALProgess\system\CodeIgniter.php(419): CodeIgniter\CodeIgniter->runController(Object(App\Controllers\UserController))
#3 C:\xampp\htdocs\NFCLOCALProgess\system\CodeIgniter.php(326): CodeIgniter\CodeIgniter->handleRequest(NULL, Object(Config\Cache), false)
#4 C:\xampp\htdocs\NFCLOCALProgess\public\index.php(37): CodeIgniter\CodeIgniter->run()
#5 C:\xampp\htdocs\NFCLOCALProgess\system\Commands\Server\rewrite.php(43): require_once('C:\\xampp\\htdocs...')
#6 {main}
CRITICAL - 2022-05-08 02:27:42 --> Undefined variable $ran_id
#0 C:\xampp\htdocs\NFCLOCALProgess\app\Controllers\UserController.php(114): CodeIgniter\Debug\Exceptions->errorHandler(2, 'Undefined varia...', 'C:\\xampp\\htdocs...', 114)
#1 C:\xampp\htdocs\NFCLOCALProgess\system\CodeIgniter.php(832): App\Controllers\UserController->saveUser3()
#2 C:\xampp\htdocs\NFCLOCALProgess\system\CodeIgniter.php(419): CodeIgniter\CodeIgniter->runController(Object(App\Controllers\UserController))
#3 C:\xampp\htdocs\NFCLOCALProgess\system\CodeIgniter.php(326): CodeIgniter\CodeIgniter->handleRequest(NULL, Object(Config\Cache), false)
#4 C:\xampp\htdocs\NFCLOCALProgess\public\index.php(37): CodeIgniter\CodeIgniter->run()
#5 C:\xampp\htdocs\NFCLOCALProgess\system\Commands\Server\rewrite.php(43): require_once('C:\\xampp\\htdocs...')
#6 {main}
CRITICAL - 2022-05-08 02:28:22 --> Undefined variable $ran_id
#0 C:\xampp\htdocs\NFCLOCALProgess\app\Controllers\UserController.php(114): CodeIgniter\Debug\Exceptions->errorHandler(2, 'Undefined varia...', 'C:\\xampp\\htdocs...', 114)
#1 C:\xampp\htdocs\NFCLOCALProgess\system\CodeIgniter.php(832): App\Controllers\UserController->saveUser3()
#2 C:\xampp\htdocs\NFCLOCALProgess\system\CodeIgniter.php(419): CodeIgniter\CodeIgniter->runController(Object(App\Controllers\UserController))
#3 C:\xampp\htdocs\NFCLOCALProgess\system\CodeIgniter.php(326): CodeIgniter\CodeIgniter->handleRequest(NULL, Object(Config\Cache), false)
#4 C:\xampp\htdocs\NFCLOCALProgess\public\index.php(37): CodeIgniter\CodeIgniter->run()
#5 C:\xampp\htdocs\NFCLOCALProgess\system\Commands\Server\rewrite.php(43): require_once('C:\\xampp\\htdocs...')
#6 {main}
CRITICAL - 2022-05-08 02:29:40 --> Undefined variable $ran_id
#0 C:\xampp\htdocs\NFCLOCALProgess\app\Controllers\UserController.php(114): CodeIgniter\Debug\Exceptions->errorHandler(2, 'Undefined varia...', 'C:\\xampp\\htdocs...', 114)
#1 C:\xampp\htdocs\NFCLOCALProgess\system\CodeIgniter.php(832): App\Controllers\UserController->saveUser3()
#2 C:\xampp\htdocs\NFCLOCALProgess\system\CodeIgniter.php(419): CodeIgniter\CodeIgniter->runController(Object(App\Controllers\UserController))
#3 C:\xampp\htdocs\NFCLOCALProgess\system\CodeIgniter.php(326): CodeIgniter\CodeIgniter->handleRequest(NULL, Object(Config\Cache), false)
#4 C:\xampp\htdocs\NFCLOCALProgess\public\index.php(37): CodeIgniter\CodeIgniter->run()
#5 C:\xampp\htdocs\NFCLOCALProgess\system\Commands\Server\rewrite.php(43): require_once('C:\\xampp\\htdocs...')
#6 {main}
CRITICAL - 2022-05-08 02:30:56 --> Undefined variable $ran_id
#0 C:\xampp\htdocs\NFCLOCALProgess\app\Controllers\UserController.php(114): CodeIgniter\Debug\Exceptions->errorHandler(2, 'Undefined varia...', 'C:\\xampp\\htdocs...', 114)
#1 C:\xampp\htdocs\NFCLOCALProgess\system\CodeIgniter.php(832): App\Controllers\UserController->saveUser3()
#2 C:\xampp\htdocs\NFCLOCALProgess\system\CodeIgniter.php(419): CodeIgniter\CodeIgniter->runController(Object(App\Controllers\UserController))
#3 C:\xampp\htdocs\NFCLOCALProgess\system\CodeIgniter.php(326): CodeIgniter\CodeIgniter->handleRequest(NULL, Object(Config\Cache), false)
#4 C:\xampp\htdocs\NFCLOCALProgess\public\index.php(37): CodeIgniter\CodeIgniter->run()
#5 C:\xampp\htdocs\NFCLOCALProgess\system\Commands\Server\rewrite.php(43): require_once('C:\\xampp\\htdocs...')
#6 {main}
CRITICAL - 2022-05-08 05:20:02 --> Undefined variable $ran_id
#0 C:\xampp\htdocs\NFCLOCALProgess\app\Controllers\UserController.php(114): CodeIgniter\Debug\Exceptions->errorHandler(2, 'Undefined varia...', 'C:\\xampp\\htdocs...', 114)
#1 C:\xampp\htdocs\NFCLOCALProgess\system\CodeIgniter.php(832): App\Controllers\UserController->saveUser3()
#2 C:\xampp\htdocs\NFCLOCALProgess\system\CodeIgniter.php(419): CodeIgniter\CodeIgniter->runController(Object(App\Controllers\UserController))
#3 C:\xampp\htdocs\NFCLOCALProgess\system\CodeIgniter.php(326): CodeIgniter\CodeIgniter->handleRequest(NULL, Object(Config\Cache), false)
#4 C:\xampp\htdocs\NFCLOCALProgess\public\index.php(37): CodeIgniter\CodeIgniter->run()
#5 C:\xampp\htdocs\NFCLOCALProgess\system\Commands\Server\rewrite.php(43): require_once('C:\\xampp\\htdocs...')
#6 {main}
CRITICAL - 2022-05-08 05:37:49 --> Undefined variable $ran_id
#0 C:\xampp\htdocs\NFCLOCALProgess\app\Controllers\UserController.php(114): CodeIgniter\Debug\Exceptions->errorHandler(2, 'Undefined varia...', 'C:\\xampp\\htdocs...', 114)
#1 C:\xampp\htdocs\NFCLOCALProgess\system\CodeIgniter.php(832): App\Controllers\UserController->saveUser3()
#2 C:\xampp\htdocs\NFCLOCALProgess\system\CodeIgniter.php(419): CodeIgniter\CodeIgniter->runController(Object(App\Controllers\UserController))
#3 C:\xampp\htdocs\NFCLOCALProgess\system\CodeIgniter.php(326): CodeIgniter\CodeIgniter->handleRequest(NULL, Object(Config\Cache), false)
#4 C:\xampp\htdocs\NFCLOCALProgess\public\index.php(37): CodeIgniter\CodeIgniter->run()
#5 C:\xampp\htdocs\NFCLOCALProgess\system\Commands\Server\rewrite.php(43): require_once('C:\\xampp\\htdocs...')
#6 {main}
CRITICAL - 2022-05-08 05:59:08 --> Undefined variable $ran_id
#0 C:\xampp\htdocs\NFCLOCALProgess\app\Controllers\UserController.php(114): CodeIgniter\Debug\Exceptions->errorHandler(2, 'Undefined varia...', 'C:\\xampp\\htdocs...', 114)
#1 C:\xampp\htdocs\NFCLOCALProgess\system\CodeIgniter.php(832): App\Controllers\UserController->saveUser3()
#2 C:\xampp\htdocs\NFCLOCALProgess\system\CodeIgniter.php(419): CodeIgniter\CodeIgniter->runController(Object(App\Controllers\UserController))
#3 C:\xampp\htdocs\NFCLOCALProgess\system\CodeIgniter.php(326): CodeIgniter\CodeIgniter->handleRequest(NULL, Object(Config\Cache), false)
#4 C:\xampp\htdocs\NFCLOCALProgess\public\index.php(37): CodeIgniter\CodeIgniter->run()
#5 C:\xampp\htdocs\NFCLOCALProgess\system\Commands\Server\rewrite.php(43): require_once('C:\\xampp\\htdocs...')
#6 {main}
CRITICAL - 2022-05-08 06:00:36 --> Undefined variable $ran_id
#0 C:\xampp\htdocs\NFCLOCALProgess\app\Controllers\UserController.php(114): CodeIgniter\Debug\Exceptions->errorHandler(2, 'Undefined varia...', 'C:\\xampp\\htdocs...', 114)
#1 C:\xampp\htdocs\NFCLOCALProgess\system\CodeIgniter.php(832): App\Controllers\UserController->saveUser3()
#2 C:\xampp\htdocs\NFCLOCALProgess\system\CodeIgniter.php(419): CodeIgniter\CodeIgniter->runController(Object(App\Controllers\UserController))
#3 C:\xampp\htdocs\NFCLOCALProgess\system\CodeIgniter.php(326): CodeIgniter\CodeIgniter->handleRequest(NULL, Object(Config\Cache), false)
#4 C:\xampp\htdocs\NFCLOCALProgess\public\index.php(37): CodeIgniter\CodeIgniter->run()
#5 C:\xampp\htdocs\NFCLOCALProgess\system\Commands\Server\rewrite.php(43): require_once('C:\\xampp\\htdocs...')
#6 {main}
